<?xml version="1.0" encoding="UTF-8"?>
<testsuite name="ch.uzh.ifi.seal.soprafs16.service.CharacterCreationServiceTest" tests="1" skipped="0" failures="0" errors="0" timestamp="2016-05-26T17:33:33" hostname="vpn-89-206-119-197.uzh.ch" time="0.039">
  <properties/>
  <testcase name="testUserCreation" classname="ch.uzh.ifi.seal.soprafs16.service.CharacterCreationServiceTest" time="0.039"/>
  <system-out><![CDATA[2016-05-26 19:33:31.407  INFO 19231 --- [    Test worker] o.s.t.c.support.AbstractContextLoader    : Could not detect default resource locations for test class [ch.uzh.ifi.seal.soprafs16.service.CharacterCreationServiceTest]: no resource found for suffixes {-context.xml, Context.groovy}.
2016-05-26 19:33:31.410  INFO 19231 --- [    Test worker] o.s.t.c.s.DefaultTestContextBootstrapper : Loaded default TestExecutionListener class names from location [META-INF/spring.factories]: [org.springframework.test.context.web.ServletTestExecutionListener, org.springframework.test.context.support.DirtiesContextBeforeModesTestExecutionListener, org.springframework.test.context.support.DependencyInjectionTestExecutionListener, org.springframework.test.context.support.DirtiesContextTestExecutionListener, org.springframework.test.context.transaction.TransactionalTestExecutionListener, org.springframework.test.context.jdbc.SqlScriptsTestExecutionListener]
2016-05-26 19:33:31.412  INFO 19231 --- [    Test worker] o.s.t.c.s.DefaultTestContextBootstrapper : Using TestExecutionListeners: [org.springframework.test.context.web.ServletTestExecutionListener@ddef30a, org.springframework.test.context.support.DirtiesContextBeforeModesTestExecutionListener@42341b99, org.springframework.test.context.support.DependencyInjectionTestExecutionListener@1f8560c9, org.springframework.test.context.support.DirtiesContextTestExecutionListener@532e2356, org.springframework.test.context.transaction.TransactionalTestExecutionListener@2912dc9a, org.springframework.test.context.jdbc.SqlScriptsTestExecutionListener@4b98f2f2]

  .   ____          _            __ _ _
 /\\ / ___'_ __ _ _(_)_ __  __ _ \ \ \ \
( ( )\___ | '_ | '_| | '_ \/ _` | \ \ \ \
 \\/  ___)| |_)| | | | | || (_| |  ) ) ) )
  '  |____| .__|_| |_|_| |_\__, | / / / /
 =========|_|==============|___/=/_/_/_/
 :: Spring Boot ::        (v1.3.3.RELEASE)

2016-05-26 19:33:31.502  INFO 19231 --- [    Test worker] c.u.i.s.s.s.CharacterCreationServiceTest : Starting CharacterCreationServiceTest on vpn-89-206-119-197.uzh.ch with PID 19231 (/Users/Jan/sopra-fs16-group2-server/build/classes/test started by Jan in /Users/Jan/sopra-fs16-group2-server)
2016-05-26 19:33:31.503  INFO 19231 --- [    Test worker] c.u.i.s.s.s.CharacterCreationServiceTest : No active profile set, falling back to default profiles: default
2016-05-26 19:33:31.507  INFO 19231 --- [    Test worker] s.c.a.AnnotationConfigApplicationContext : Refreshing org.springframework.context.annotation.AnnotationConfigApplicationContext@25471157: startup date [Thu May 26 19:33:31 CEST 2016]; root of context hierarchy
2016-05-26 19:33:32.425  INFO 19231 --- [    Test worker] j.LocalContainerEntityManagerFactoryBean : Building JPA container EntityManagerFactory for persistence unit 'default'
2016-05-26 19:33:32.426  INFO 19231 --- [    Test worker] o.hibernate.jpa.internal.util.LogHelper  : HHH000204: Processing PersistenceUnitInfo [
	name: default
	...]
2016-05-26 19:33:32.466  INFO 19231 --- [    Test worker] org.hibernate.dialect.Dialect            : HHH000400: Using dialect: org.hibernate.dialect.H2Dialect
2016-05-26 19:33:32.544  INFO 19231 --- [    Test worker] o.h.h.i.ast.ASTQueryTranslatorFactory    : HHH000397: Using ASTQueryTranslatorFactory
2016-05-26 19:33:32.811  INFO 19231 --- [    Test worker] org.hibernate.tool.hbm2ddl.SchemaExport  : HHH000227: Running hbm2ddl schema export
2016-05-26 19:33:32.952  INFO 19231 --- [    Test worker] org.hibernate.tool.hbm2ddl.SchemaExport  : HHH000230: Schema export complete
2016-05-26 19:33:32.981  WARN 19231 --- [    Test worker] o.h.j.i.EntityManagerFactoryRegistry     : HHH000436: Entity manager factory name (default) is already registered.  If entity manager will be clustered or passivated, specify a unique value for property 'hibernate.ejb.entitymanager_factory_name'
2016-05-26 19:33:33.581  INFO 19231 --- [    Test worker] c.u.i.s.s.s.CharacterCreationServiceTest : Started CharacterCreationServiceTest in 2.157 seconds (JVM running for 23.555)
]]></system-out>
  <system-err><![CDATA[]]></system-err>
</testsuite>
